<?xml version="1.0" encoding="UTF-8"?><testsuite failures="0" name="cucumber.runtime.formatter.JUnitFormatter" skipped="0" tests="1" time="31.419622">
<testcase classname="TestCucumber FreeCRM DealsTest test" name="Deals FreeCRM Test" time="31.419622">
<system-out><![CDATA[Given Launch the browser and hit the URL....................................passed
When title of login page is Free CRM........................................passed
Then user clicks on login button in Home page...............................passed
Then User enters username and password......................................passed
Then user clicks on login button............................................passed
Then User is on HomePages...................................................passed
Then User Clicks on Deals button............................................passed
Then User Click on New button...............................................passed
Then User Enters deals details..............................................passed
Then User clicks on Save button.............................................passed
Then Browser close..........................................................passed
]]></system-out>
</testcase>
</testsuite>
